<?xml version="1.0" encoding="UTF-8"?>
<testsuite xmlns:xsi="http://www.w3.org/2001/XMLSchema-instance" xsi:noNamespaceSchemaLocation="https://maven.apache.org/surefire/maven-surefire-plugin/xsd/surefire-test-report-3.0.xsd" version="3.0" name="com.cryptograming.resapi.ResapiApplicationTests" time="10.916" tests="1" errors="0" skipped="0" failures="0">
  <properties>
    <property name="java.specification.version" value="21"/>
    <property name="sun.jnu.encoding" value="UTF-8"/>
    <property name="java.class.path" value="/home/segura/Escritorio/resapi/target/test-classes:/home/segura/Escritorio/resapi/target/classes:/home/segura/.m2/repository/org/springframework/boot/spring-boot-starter-data-jpa/3.1.10-SNAPSHOT/spring-boot-starter-data-jpa-3.1.10-SNAPSHOT.jar:/home/segura/.m2/repository/org/springframework/boot/spring-boot-starter-aop/3.1.10-SNAPSHOT/spring-boot-starter-aop-3.1.10-SNAPSHOT.jar:/home/segura/.m2/repository/org/springframework/spring-aop/6.0.17/spring-aop-6.0.17.jar:/home/segura/.m2/repository/org/aspectj/aspectjweaver/1.9.21/aspectjweaver-1.9.21.jar:/home/segura/.m2/repository/org/springframework/boot/spring-boot-starter-jdbc/3.1.10-SNAPSHOT/spring-boot-starter-jdbc-3.1.10-SNAPSHOT.jar:/home/segura/.m2/repository/com/zaxxer/HikariCP/5.0.1/HikariCP-5.0.1.jar:/home/segura/.m2/repository/org/springframework/spring-jdbc/6.0.17/spring-jdbc-6.0.17.jar:/home/segura/.m2/repository/org/hibernate/orm/hibernate-core/6.2.22.Final/hibernate-core-6.2.22.Final.jar:/home/segura/.m2/repository/jakarta/persistence/jakarta.persistence-api/3.1.0/jakarta.persistence-api-3.1.0.jar:/home/segura/.m2/repository/jakarta/transaction/jakarta.transaction-api/2.0.1/jakarta.transaction-api-2.0.1.jar:/home/segura/.m2/repository/org/jboss/logging/jboss-logging/3.5.3.Final/jboss-logging-3.5.3.Final.jar:/home/segura/.m2/repository/org/hibernate/common/hibernate-commons-annotations/6.0.6.Final/hibernate-commons-annotations-6.0.6.Final.jar:/home/segura/.m2/repository/io/smallrye/jandex/3.0.5/jandex-3.0.5.jar:/home/segura/.m2/repository/com/fasterxml/classmate/1.5.1/classmate-1.5.1.jar:/home/segura/.m2/repository/net/bytebuddy/byte-buddy/1.14.12/byte-buddy-1.14.12.jar:/home/segura/.m2/repository/org/glassfish/jaxb/jaxb-runtime/4.0.4/jaxb-runtime-4.0.4.jar:/home/segura/.m2/repository/org/glassfish/jaxb/jaxb-core/4.0.4/jaxb-core-4.0.4.jar:/home/segura/.m2/repository/org/eclipse/angus/angus-activation/2.0.1/angus-activation-2.0.1.jar:/home/segura/.m2/repository/org/glassfish/jaxb/txw2/4.0.4/txw2-4.0.4.jar:/home/segura/.m2/repository/com/sun/istack/istack-commons-runtime/4.1.2/istack-commons-runtime-4.1.2.jar:/home/segura/.m2/repository/jakarta/inject/jakarta.inject-api/2.0.1/jakarta.inject-api-2.0.1.jar:/home/segura/.m2/repository/org/antlr/antlr4-runtime/4.10.1/antlr4-runtime-4.10.1.jar:/home/segura/.m2/repository/org/springframework/data/spring-data-jpa/3.1.9/spring-data-jpa-3.1.9.jar:/home/segura/.m2/repository/org/springframework/data/spring-data-commons/3.1.9/spring-data-commons-3.1.9.jar:/home/segura/.m2/repository/org/springframework/spring-orm/6.0.17/spring-orm-6.0.17.jar:/home/segura/.m2/repository/org/springframework/spring-context/6.0.17/spring-context-6.0.17.jar:/home/segura/.m2/repository/org/springframework/spring-tx/6.0.17/spring-tx-6.0.17.jar:/home/segura/.m2/repository/org/springframework/spring-beans/6.0.17/spring-beans-6.0.17.jar:/home/segura/.m2/repository/jakarta/annotation/jakarta.annotation-api/2.1.1/jakarta.annotation-api-2.1.1.jar:/home/segura/.m2/repository/org/slf4j/slf4j-api/2.0.12/slf4j-api-2.0.12.jar:/home/segura/.m2/repository/org/springframework/spring-aspects/6.0.17/spring-aspects-6.0.17.jar:/home/segura/.m2/repository/org/springframework/boot/spring-boot-starter-data-mongodb/3.1.10-SNAPSHOT/spring-boot-starter-data-mongodb-3.1.10-SNAPSHOT.jar:/home/segura/.m2/repository/org/springframework/boot/spring-boot-starter/3.1.10-SNAPSHOT/spring-boot-starter-3.1.10-SNAPSHOT.jar:/home/segura/.m2/repository/org/springframework/boot/spring-boot/3.1.10-SNAPSHOT/spring-boot-3.1.10-SNAPSHOT.jar:/home/segura/.m2/repository/org/springframework/boot/spring-boot-autoconfigure/3.1.10-SNAPSHOT/spring-boot-autoconfigure-3.1.10-SNAPSHOT.jar:/home/segura/.m2/repository/org/springframework/boot/spring-boot-starter-logging/3.1.10-SNAPSHOT/spring-boot-starter-logging-3.1.10-SNAPSHOT.jar:/home/segura/.m2/repository/ch/qos/logback/logback-classic/1.4.14/logback-classic-1.4.14.jar:/home/segura/.m2/repository/ch/qos/logback/logback-core/1.4.14/logback-core-1.4.14.jar:/home/segura/.m2/repository/org/apache/logging/log4j/log4j-to-slf4j/2.20.0/log4j-to-slf4j-2.20.0.jar:/home/segura/.m2/repository/org/apache/logging/log4j/log4j-api/2.20.0/log4j-api-2.20.0.jar:/home/segura/.m2/repository/org/slf4j/jul-to-slf4j/2.0.12/jul-to-slf4j-2.0.12.jar:/home/segura/.m2/repository/org/yaml/snakeyaml/1.33/snakeyaml-1.33.jar:/home/segura/.m2/repository/org/mongodb/mongodb-driver-sync/4.9.1/mongodb-driver-sync-4.9.1.jar:/home/segura/.m2/repository/org/mongodb/bson/4.9.1/bson-4.9.1.jar:/home/segura/.m2/repository/org/mongodb/mongodb-driver-core/4.9.1/mongodb-driver-core-4.9.1.jar:/home/segura/.m2/repository/org/mongodb/bson-record-codec/4.9.1/bson-record-codec-4.9.1.jar:/home/segura/.m2/repository/org/springframework/data/spring-data-mongodb/4.1.9/spring-data-mongodb-4.1.9.jar:/home/segura/.m2/repository/org/springframework/spring-expression/6.0.17/spring-expression-6.0.17.jar:/home/segura/.m2/repository/org/springframework/boot/spring-boot-starter-web/3.1.10-SNAPSHOT/spring-boot-starter-web-3.1.10-SNAPSHOT.jar:/home/segura/.m2/repository/org/springframework/boot/spring-boot-starter-json/3.1.10-SNAPSHOT/spring-boot-starter-json-3.1.10-SNAPSHOT.jar:/home/segura/.m2/repository/com/fasterxml/jackson/core/jackson-databind/2.15.4/jackson-databind-2.15.4.jar:/home/segura/.m2/repository/com/fasterxml/jackson/core/jackson-annotations/2.15.4/jackson-annotations-2.15.4.jar:/home/segura/.m2/repository/com/fasterxml/jackson/core/jackson-core/2.15.4/jackson-core-2.15.4.jar:/home/segura/.m2/repository/com/fasterxml/jackson/datatype/jackson-datatype-jdk8/2.15.4/jackson-datatype-jdk8-2.15.4.jar:/home/segura/.m2/repository/com/fasterxml/jackson/datatype/jackson-datatype-jsr310/2.15.4/jackson-datatype-jsr310-2.15.4.jar:/home/segura/.m2/repository/com/fasterxml/jackson/module/jackson-module-parameter-names/2.15.4/jackson-module-parameter-names-2.15.4.jar:/home/segura/.m2/repository/org/springframework/boot/spring-boot-starter-tomcat/3.1.10-SNAPSHOT/spring-boot-starter-tomcat-3.1.10-SNAPSHOT.jar:/home/segura/.m2/repository/org/apache/tomcat/embed/tomcat-embed-core/10.1.19/tomcat-embed-core-10.1.19.jar:/home/segura/.m2/repository/org/apache/tomcat/embed/tomcat-embed-el/10.1.19/tomcat-embed-el-10.1.19.jar:/home/segura/.m2/repository/org/apache/tomcat/embed/tomcat-embed-websocket/10.1.19/tomcat-embed-websocket-10.1.19.jar:/home/segura/.m2/repository/org/springframework/spring-web/6.0.17/spring-web-6.0.17.jar:/home/segura/.m2/repository/io/micrometer/micrometer-observation/1.11.9/micrometer-observation-1.11.9.jar:/home/segura/.m2/repository/io/micrometer/micrometer-commons/1.11.9/micrometer-commons-1.11.9.jar:/home/segura/.m2/repository/org/springframework/spring-webmvc/6.0.17/spring-webmvc-6.0.17.jar:/home/segura/.m2/repository/org/projectlombok/lombok/1.18.30/lombok-1.18.30.jar:/home/segura/.m2/repository/org/springframework/boot/spring-boot-starter-test/3.1.10-SNAPSHOT/spring-boot-starter-test-3.1.10-SNAPSHOT.jar:/home/segura/.m2/repository/org/springframework/boot/spring-boot-test/3.1.10-SNAPSHOT/spring-boot-test-3.1.10-SNAPSHOT.jar:/home/segura/.m2/repository/org/springframework/boot/spring-boot-test-autoconfigure/3.1.10-SNAPSHOT/spring-boot-test-autoconfigure-3.1.10-SNAPSHOT.jar:/home/segura/.m2/repository/com/jayway/jsonpath/json-path/2.9.0/json-path-2.9.0.jar:/home/segura/.m2/repository/jakarta/xml/bind/jakarta.xml.bind-api/4.0.1/jakarta.xml.bind-api-4.0.1.jar:/home/segura/.m2/repository/jakarta/activation/jakarta.activation-api/2.1.2/jakarta.activation-api-2.1.2.jar:/home/segura/.m2/repository/net/minidev/json-smart/2.4.11/json-smart-2.4.11.jar:/home/segura/.m2/repository/net/minidev/accessors-smart/2.4.11/accessors-smart-2.4.11.jar:/home/segura/.m2/repository/org/ow2/asm/asm/9.3/asm-9.3.jar:/home/segura/.m2/repository/org/assertj/assertj-core/3.24.2/assertj-core-3.24.2.jar:/home/segura/.m2/repository/org/hamcrest/hamcrest/2.2/hamcrest-2.2.jar:/home/segura/.m2/repository/org/junit/jupiter/junit-jupiter/5.9.3/junit-jupiter-5.9.3.jar:/home/segura/.m2/repository/org/junit/jupiter/junit-jupiter-api/5.9.3/junit-jupiter-api-5.9.3.jar:/home/segura/.m2/repository/org/opentest4j/opentest4j/1.2.0/opentest4j-1.2.0.jar:/home/segura/.m2/repository/org/junit/platform/junit-platform-commons/1.9.3/junit-platform-commons-1.9.3.jar:/home/segura/.m2/repository/org/apiguardian/apiguardian-api/1.1.2/apiguardian-api-1.1.2.jar:/home/segura/.m2/repository/org/junit/jupiter/junit-jupiter-params/5.9.3/junit-jupiter-params-5.9.3.jar:/home/segura/.m2/repository/org/junit/jupiter/junit-jupiter-engine/5.9.3/junit-jupiter-engine-5.9.3.jar:/home/segura/.m2/repository/org/junit/platform/junit-platform-engine/1.9.3/junit-platform-engine-1.9.3.jar:/home/segura/.m2/repository/org/mockito/mockito-core/5.3.1/mockito-core-5.3.1.jar:/home/segura/.m2/repository/net/bytebuddy/byte-buddy-agent/1.14.12/byte-buddy-agent-1.14.12.jar:/home/segura/.m2/repository/org/objenesis/objenesis/3.3/objenesis-3.3.jar:/home/segura/.m2/repository/org/mockito/mockito-junit-jupiter/5.3.1/mockito-junit-jupiter-5.3.1.jar:/home/segura/.m2/repository/org/skyscreamer/jsonassert/1.5.1/jsonassert-1.5.1.jar:/home/segura/.m2/repository/com/vaadin/external/google/android-json/0.0.20131108.vaadin1/android-json-0.0.20131108.vaadin1.jar:/home/segura/.m2/repository/org/springframework/spring-core/6.0.17/spring-core-6.0.17.jar:/home/segura/.m2/repository/org/springframework/spring-jcl/6.0.17/spring-jcl-6.0.17.jar:/home/segura/.m2/repository/org/springframework/spring-test/6.0.17/spring-test-6.0.17.jar:/home/segura/.m2/repository/org/xmlunit/xmlunit-core/2.9.1/xmlunit-core-2.9.1.jar:"/>
    <property name="java.vm.vendor" value="Oracle Corporation"/>
    <property name="sun.arch.data.model" value="64"/>
    <property name="java.vendor.url" value="https://java.oracle.com/"/>
    <property name="user.timezone" value="America/Caracas"/>
    <property name="org.jboss.logging.provider" value="slf4j"/>
    <property name="os.name" value="Linux"/>
    <property name="java.vm.specification.version" value="21"/>
    <property name="sun.java.launcher" value="SUN_STANDARD"/>
    <property name="user.country" value="VE"/>
    <property name="sun.boot.library.path" value="/usr/lib/jvm/jdk-21-oracle-x64/lib"/>
    <property name="sun.java.command" value="/home/segura/Escritorio/resapi/target/surefire/surefirebooter-20240227125058225_3.jar /home/segura/Escritorio/resapi/target/surefire 2024-02-27T12-50-39_706-jvmRun1 surefire-20240227125058225_1tmp surefire_0-20240227125058225_2tmp"/>
    <property name="jdk.debug" value="release"/>
    <property name="surefire.test.class.path" value="/home/segura/Escritorio/resapi/target/test-classes:/home/segura/Escritorio/resapi/target/classes:/home/segura/.m2/repository/org/springframework/boot/spring-boot-starter-data-jpa/3.1.10-SNAPSHOT/spring-boot-starter-data-jpa-3.1.10-SNAPSHOT.jar:/home/segura/.m2/repository/org/springframework/boot/spring-boot-starter-aop/3.1.10-SNAPSHOT/spring-boot-starter-aop-3.1.10-SNAPSHOT.jar:/home/segura/.m2/repository/org/springframework/spring-aop/6.0.17/spring-aop-6.0.17.jar:/home/segura/.m2/repository/org/aspectj/aspectjweaver/1.9.21/aspectjweaver-1.9.21.jar:/home/segura/.m2/repository/org/springframework/boot/spring-boot-starter-jdbc/3.1.10-SNAPSHOT/spring-boot-starter-jdbc-3.1.10-SNAPSHOT.jar:/home/segura/.m2/repository/com/zaxxer/HikariCP/5.0.1/HikariCP-5.0.1.jar:/home/segura/.m2/repository/org/springframework/spring-jdbc/6.0.17/spring-jdbc-6.0.17.jar:/home/segura/.m2/repository/org/hibernate/orm/hibernate-core/6.2.22.Final/hibernate-core-6.2.22.Final.jar:/home/segura/.m2/repository/jakarta/persistence/jakarta.persistence-api/3.1.0/jakarta.persistence-api-3.1.0.jar:/home/segura/.m2/repository/jakarta/transaction/jakarta.transaction-api/2.0.1/jakarta.transaction-api-2.0.1.jar:/home/segura/.m2/repository/org/jboss/logging/jboss-logging/3.5.3.Final/jboss-logging-3.5.3.Final.jar:/home/segura/.m2/repository/org/hibernate/common/hibernate-commons-annotations/6.0.6.Final/hibernate-commons-annotations-6.0.6.Final.jar:/home/segura/.m2/repository/io/smallrye/jandex/3.0.5/jandex-3.0.5.jar:/home/segura/.m2/repository/com/fasterxml/classmate/1.5.1/classmate-1.5.1.jar:/home/segura/.m2/repository/net/bytebuddy/byte-buddy/1.14.12/byte-buddy-1.14.12.jar:/home/segura/.m2/repository/org/glassfish/jaxb/jaxb-runtime/4.0.4/jaxb-runtime-4.0.4.jar:/home/segura/.m2/repository/org/glassfish/jaxb/jaxb-core/4.0.4/jaxb-core-4.0.4.jar:/home/segura/.m2/repository/org/eclipse/angus/angus-activation/2.0.1/angus-activation-2.0.1.jar:/home/segura/.m2/repository/org/glassfish/jaxb/txw2/4.0.4/txw2-4.0.4.jar:/home/segura/.m2/repository/com/sun/istack/istack-commons-runtime/4.1.2/istack-commons-runtime-4.1.2.jar:/home/segura/.m2/repository/jakarta/inject/jakarta.inject-api/2.0.1/jakarta.inject-api-2.0.1.jar:/home/segura/.m2/repository/org/antlr/antlr4-runtime/4.10.1/antlr4-runtime-4.10.1.jar:/home/segura/.m2/repository/org/springframework/data/spring-data-jpa/3.1.9/spring-data-jpa-3.1.9.jar:/home/segura/.m2/repository/org/springframework/data/spring-data-commons/3.1.9/spring-data-commons-3.1.9.jar:/home/segura/.m2/repository/org/springframework/spring-orm/6.0.17/spring-orm-6.0.17.jar:/home/segura/.m2/repository/org/springframework/spring-context/6.0.17/spring-context-6.0.17.jar:/home/segura/.m2/repository/org/springframework/spring-tx/6.0.17/spring-tx-6.0.17.jar:/home/segura/.m2/repository/org/springframework/spring-beans/6.0.17/spring-beans-6.0.17.jar:/home/segura/.m2/repository/jakarta/annotation/jakarta.annotation-api/2.1.1/jakarta.annotation-api-2.1.1.jar:/home/segura/.m2/repository/org/slf4j/slf4j-api/2.0.12/slf4j-api-2.0.12.jar:/home/segura/.m2/repository/org/springframework/spring-aspects/6.0.17/spring-aspects-6.0.17.jar:/home/segura/.m2/repository/org/springframework/boot/spring-boot-starter-data-mongodb/3.1.10-SNAPSHOT/spring-boot-starter-data-mongodb-3.1.10-SNAPSHOT.jar:/home/segura/.m2/repository/org/springframework/boot/spring-boot-starter/3.1.10-SNAPSHOT/spring-boot-starter-3.1.10-SNAPSHOT.jar:/home/segura/.m2/repository/org/springframework/boot/spring-boot/3.1.10-SNAPSHOT/spring-boot-3.1.10-SNAPSHOT.jar:/home/segura/.m2/repository/org/springframework/boot/spring-boot-autoconfigure/3.1.10-SNAPSHOT/spring-boot-autoconfigure-3.1.10-SNAPSHOT.jar:/home/segura/.m2/repository/org/springframework/boot/spring-boot-starter-logging/3.1.10-SNAPSHOT/spring-boot-starter-logging-3.1.10-SNAPSHOT.jar:/home/segura/.m2/repository/ch/qos/logback/logback-classic/1.4.14/logback-classic-1.4.14.jar:/home/segura/.m2/repository/ch/qos/logback/logback-core/1.4.14/logback-core-1.4.14.jar:/home/segura/.m2/repository/org/apache/logging/log4j/log4j-to-slf4j/2.20.0/log4j-to-slf4j-2.20.0.jar:/home/segura/.m2/repository/org/apache/logging/log4j/log4j-api/2.20.0/log4j-api-2.20.0.jar:/home/segura/.m2/repository/org/slf4j/jul-to-slf4j/2.0.12/jul-to-slf4j-2.0.12.jar:/home/segura/.m2/repository/org/yaml/snakeyaml/1.33/snakeyaml-1.33.jar:/home/segura/.m2/repository/org/mongodb/mongodb-driver-sync/4.9.1/mongodb-driver-sync-4.9.1.jar:/home/segura/.m2/repository/org/mongodb/bson/4.9.1/bson-4.9.1.jar:/home/segura/.m2/repository/org/mongodb/mongodb-driver-core/4.9.1/mongodb-driver-core-4.9.1.jar:/home/segura/.m2/repository/org/mongodb/bson-record-codec/4.9.1/bson-record-codec-4.9.1.jar:/home/segura/.m2/repository/org/springframework/data/spring-data-mongodb/4.1.9/spring-data-mongodb-4.1.9.jar:/home/segura/.m2/repository/org/springframework/spring-expression/6.0.17/spring-expression-6.0.17.jar:/home/segura/.m2/repository/org/springframework/boot/spring-boot-starter-web/3.1.10-SNAPSHOT/spring-boot-starter-web-3.1.10-SNAPSHOT.jar:/home/segura/.m2/repository/org/springframework/boot/spring-boot-starter-json/3.1.10-SNAPSHOT/spring-boot-starter-json-3.1.10-SNAPSHOT.jar:/home/segura/.m2/repository/com/fasterxml/jackson/core/jackson-databind/2.15.4/jackson-databind-2.15.4.jar:/home/segura/.m2/repository/com/fasterxml/jackson/core/jackson-annotations/2.15.4/jackson-annotations-2.15.4.jar:/home/segura/.m2/repository/com/fasterxml/jackson/core/jackson-core/2.15.4/jackson-core-2.15.4.jar:/home/segura/.m2/repository/com/fasterxml/jackson/datatype/jackson-datatype-jdk8/2.15.4/jackson-datatype-jdk8-2.15.4.jar:/home/segura/.m2/repository/com/fasterxml/jackson/datatype/jackson-datatype-jsr310/2.15.4/jackson-datatype-jsr310-2.15.4.jar:/home/segura/.m2/repository/com/fasterxml/jackson/module/jackson-module-parameter-names/2.15.4/jackson-module-parameter-names-2.15.4.jar:/home/segura/.m2/repository/org/springframework/boot/spring-boot-starter-tomcat/3.1.10-SNAPSHOT/spring-boot-starter-tomcat-3.1.10-SNAPSHOT.jar:/home/segura/.m2/repository/org/apache/tomcat/embed/tomcat-embed-core/10.1.19/tomcat-embed-core-10.1.19.jar:/home/segura/.m2/repository/org/apache/tomcat/embed/tomcat-embed-el/10.1.19/tomcat-embed-el-10.1.19.jar:/home/segura/.m2/repository/org/apache/tomcat/embed/tomcat-embed-websocket/10.1.19/tomcat-embed-websocket-10.1.19.jar:/home/segura/.m2/repository/org/springframework/spring-web/6.0.17/spring-web-6.0.17.jar:/home/segura/.m2/repository/io/micrometer/micrometer-observation/1.11.9/micrometer-observation-1.11.9.jar:/home/segura/.m2/repository/io/micrometer/micrometer-commons/1.11.9/micrometer-commons-1.11.9.jar:/home/segura/.m2/repository/org/springframework/spring-webmvc/6.0.17/spring-webmvc-6.0.17.jar:/home/segura/.m2/repository/org/projectlombok/lombok/1.18.30/lombok-1.18.30.jar:/home/segura/.m2/repository/org/springframework/boot/spring-boot-starter-test/3.1.10-SNAPSHOT/spring-boot-starter-test-3.1.10-SNAPSHOT.jar:/home/segura/.m2/repository/org/springframework/boot/spring-boot-test/3.1.10-SNAPSHOT/spring-boot-test-3.1.10-SNAPSHOT.jar:/home/segura/.m2/repository/org/springframework/boot/spring-boot-test-autoconfigure/3.1.10-SNAPSHOT/spring-boot-test-autoconfigure-3.1.10-SNAPSHOT.jar:/home/segura/.m2/repository/com/jayway/jsonpath/json-path/2.9.0/json-path-2.9.0.jar:/home/segura/.m2/repository/jakarta/xml/bind/jakarta.xml.bind-api/4.0.1/jakarta.xml.bind-api-4.0.1.jar:/home/segura/.m2/repository/jakarta/activation/jakarta.activation-api/2.1.2/jakarta.activation-api-2.1.2.jar:/home/segura/.m2/repository/net/minidev/json-smart/2.4.11/json-smart-2.4.11.jar:/home/segura/.m2/repository/net/minidev/accessors-smart/2.4.11/accessors-smart-2.4.11.jar:/home/segura/.m2/repository/org/ow2/asm/asm/9.3/asm-9.3.jar:/home/segura/.m2/repository/org/assertj/assertj-core/3.24.2/assertj-core-3.24.2.jar:/home/segura/.m2/repository/org/hamcrest/hamcrest/2.2/hamcrest-2.2.jar:/home/segura/.m2/repository/org/junit/jupiter/junit-jupiter/5.9.3/junit-jupiter-5.9.3.jar:/home/segura/.m2/repository/org/junit/jupiter/junit-jupiter-api/5.9.3/junit-jupiter-api-5.9.3.jar:/home/segura/.m2/repository/org/opentest4j/opentest4j/1.2.0/opentest4j-1.2.0.jar:/home/segura/.m2/repository/org/junit/platform/junit-platform-commons/1.9.3/junit-platform-commons-1.9.3.jar:/home/segura/.m2/repository/org/apiguardian/apiguardian-api/1.1.2/apiguardian-api-1.1.2.jar:/home/segura/.m2/repository/org/junit/jupiter/junit-jupiter-params/5.9.3/junit-jupiter-params-5.9.3.jar:/home/segura/.m2/repository/org/junit/jupiter/junit-jupiter-engine/5.9.3/junit-jupiter-engine-5.9.3.jar:/home/segura/.m2/repository/org/junit/platform/junit-platform-engine/1.9.3/junit-platform-engine-1.9.3.jar:/home/segura/.m2/repository/org/mockito/mockito-core/5.3.1/mockito-core-5.3.1.jar:/home/segura/.m2/repository/net/bytebuddy/byte-buddy-agent/1.14.12/byte-buddy-agent-1.14.12.jar:/home/segura/.m2/repository/org/objenesis/objenesis/3.3/objenesis-3.3.jar:/home/segura/.m2/repository/org/mockito/mockito-junit-jupiter/5.3.1/mockito-junit-jupiter-5.3.1.jar:/home/segura/.m2/repository/org/skyscreamer/jsonassert/1.5.1/jsonassert-1.5.1.jar:/home/segura/.m2/repository/com/vaadin/external/google/android-json/0.0.20131108.vaadin1/android-json-0.0.20131108.vaadin1.jar:/home/segura/.m2/repository/org/springframework/spring-core/6.0.17/spring-core-6.0.17.jar:/home/segura/.m2/repository/org/springframework/spring-jcl/6.0.17/spring-jcl-6.0.17.jar:/home/segura/.m2/repository/org/springframework/spring-test/6.0.17/spring-test-6.0.17.jar:/home/segura/.m2/repository/org/xmlunit/xmlunit-core/2.9.1/xmlunit-core-2.9.1.jar:"/>
    <property name="sun.cpu.endian" value="little"/>
    <property name="user.home" value="/home/segura"/>
    <property name="user.language" value="es"/>
    <property name="java.specification.vendor" value="Oracle Corporation"/>
    <property name="java.version.date" value="2023-10-17"/>
    <property name="java.home" value="/usr/lib/jvm/jdk-21-oracle-x64"/>
    <property name="file.separator" value="/"/>
    <property name="basedir" value="/home/segura/Escritorio/resapi"/>
    <property name="java.vm.compressedOopsMode" value="32-bit"/>
    <property name="line.separator" value="&#10;"/>
    <property name="java.vm.specification.vendor" value="Oracle Corporation"/>
    <property name="java.specification.name" value="Java Platform API Specification"/>
    <property name="FILE_LOG_CHARSET" value="UTF-8"/>
    <property name="java.awt.headless" value="true"/>
    <property name="surefire.real.class.path" value="/home/segura/Escritorio/resapi/target/surefire/surefirebooter-20240227125058225_3.jar"/>
    <property name="sun.management.compiler" value="HotSpot 64-Bit Tiered Compilers"/>
    <property name="java.runtime.version" value="21.0.1+12-LTS-29"/>
    <property name="user.name" value="segura"/>
    <property name="stdout.encoding" value="UTF-8"/>
    <property name="path.separator" value=":"/>
    <property name="os.version" value="6.5.0-21-generic"/>
    <property name="java.runtime.name" value="Java(TM) SE Runtime Environment"/>
    <property name="file.encoding" value="UTF-8"/>
    <property name="java.vm.name" value="Java HotSpot(TM) 64-Bit Server VM"/>
    <property name="localRepository" value="/home/segura/.m2/repository"/>
    <property name="java.vendor.url.bug" value="https://bugreport.java.com/bugreport/"/>
    <property name="java.io.tmpdir" value="/tmp"/>
    <property name="java.version" value="21.0.1"/>
    <property name="user.dir" value="/home/segura/Escritorio/resapi"/>
    <property name="os.arch" value="amd64"/>
    <property name="java.vm.specification.name" value="Java Virtual Machine Specification"/>
    <property name="PID" value="34841"/>
    <property name="CONSOLE_LOG_CHARSET" value="UTF-8"/>
    <property name="native.encoding" value="UTF-8"/>
    <property name="java.library.path" value="/usr/java/packages/lib:/usr/lib64:/lib64:/lib:/usr/lib"/>
    <property name="java.vm.info" value="mixed mode, sharing"/>
    <property name="stderr.encoding" value="UTF-8"/>
    <property name="java.vendor" value="Oracle Corporation"/>
    <property name="java.vm.version" value="21.0.1+12-LTS-29"/>
    <property name="sun.io.unicode.encoding" value="UnicodeLittle"/>
    <property name="java.class.version" value="65.0"/>
  </properties>
  <testcase name="contextLoads" classname="com.cryptograming.resapi.ResapiApplicationTests" time="1.852">
    <system-out><![CDATA[12:51:00.776 [main] INFO org.springframework.test.context.support.AnnotationConfigContextLoaderUtils -- Could not detect default configuration classes for test class [com.cryptograming.resapi.ResapiApplicationTests]: ResapiApplicationTests does not declare any static, non-private, non-final, nested classes annotated with @Configuration.
12:51:01.258 [main] INFO org.springframework.boot.test.context.SpringBootTestContextBootstrapper -- Found @SpringBootConfiguration com.cryptograming.resapi.ResapiApplication for test class com.cryptograming.resapi.ResapiApplicationTests

  .   ____          _            __ _ _
 /\\ / ___'_ __ _ _(_)_ __  __ _ \ \ \ \
( ( )\___ | '_ | '_| | '_ \/ _` | \ \ \ \
 \\/  ___)| |_)| | | | | || (_| |  ) ) ) )
  '  |____| .__|_| |_|_| |_\__, | / / / /
 =========|_|==============|___/=/_/_/_/
 :: Spring Boot ::      (v3.1.10-SNAPSHOT)

2024-02-27T12:51:03.032-04:00  INFO 34841 --- [           main] c.c.resapi.ResapiApplicationTests        : Starting ResapiApplicationTests using Java 21.0.1 with PID 34841 (started by segura in /home/segura/Escritorio/resapi)
2024-02-27T12:51:03.035-04:00  INFO 34841 --- [           main] c.c.resapi.ResapiApplicationTests        : No active profile set, falling back to 1 default profile: "default"
2024-02-27T12:51:04.503-04:00  INFO 34841 --- [           main] .s.d.r.c.RepositoryConfigurationDelegate : Multiple Spring Data modules found, entering strict repository configuration mode
2024-02-27T12:51:04.505-04:00  INFO 34841 --- [           main] .s.d.r.c.RepositoryConfigurationDelegate : Bootstrapping Spring Data MongoDB repositories in DEFAULT mode.
2024-02-27T12:51:04.682-04:00  INFO 34841 --- [           main] .s.d.r.c.RepositoryConfigurationDelegate : Finished Spring Data repository scanning in 172 ms. Found 1 MongoDB repository interface.
2024-02-27T12:51:07.485-04:00  INFO 34841 --- [           main] org.mongodb.driver.client                : MongoClient with metadata {"driver": {"name": "mongo-java-driver|sync|spring-boot", "version": "4.9.1"}, "os": {"type": "Linux", "name": "Linux", "architecture": "amd64", "version": "6.5.0-21-generic"}, "platform": "Java/Oracle Corporation/21.0.1+12-LTS-29"} created with settings MongoClientSettings{readPreference=primary, writeConcern=WriteConcern{w=majority, wTimeout=null ms, journal=null}, retryWrites=true, retryReads=true, readConcern=ReadConcern{level=null}, credential=MongoCredential{mechanism=null, userName='freeluck', source='admin', password=<hidden>, mechanismProperties=<hidden>}, streamFactoryFactory=null, commandListeners=[], codecRegistry=ProvidersCodecRegistry{codecProviders=[ValueCodecProvider{}, BsonValueCodecProvider{}, DBRefCodecProvider{}, DBObjectCodecProvider{}, DocumentCodecProvider{}, CollectionCodecProvider{}, IterableCodecProvider{}, MapCodecProvider{}, GeoJsonCodecProvider{}, GridFSFileCodecProvider{}, Jsr310CodecProvider{}, JsonObjectCodecProvider{}, BsonCodecProvider{}, EnumCodecProvider{}, com.mongodb.client.model.mql.ExpressionCodecProvider@44b21f9f, com.mongodb.Jep395RecordCodecProvider@7ee8130e]}, loggerSettings=LoggerSettings{maxDocumentLength=1000}, clusterSettings={hosts=[127.0.0.1:27017], srvHost=mydummyjson.z5d3185.mongodb.net, srvServiceName=mongodb, mode=MULTIPLE, requiredClusterType=REPLICA_SET, requiredReplicaSetName='atlas-jbls5q-shard-0', serverSelector='null', clusterListeners='[]', serverSelectionTimeout='30000 ms', localThreshold='30000 ms'}, socketSettings=SocketSettings{connectTimeoutMS=10000, readTimeoutMS=0, receiveBufferSize=0, sendBufferSize=0}, heartbeatSocketSettings=SocketSettings{connectTimeoutMS=10000, readTimeoutMS=10000, receiveBufferSize=0, sendBufferSize=0}, connectionPoolSettings=ConnectionPoolSettings{maxSize=100, minSize=0, maxWaitTimeMS=120000, maxConnectionLifeTimeMS=0, maxConnectionIdleTimeMS=0, maintenanceInitialDelayMS=0, maintenanceFrequencyMS=60000, connectionPoolListeners=[], maxConnecting=2}, serverSettings=ServerSettings{heartbeatFrequencyMS=10000, minHeartbeatFrequencyMS=500, serverListeners='[]', serverMonitorListeners='[]'}, sslSettings=SslSettings{enabled=true, invalidHostNameAllowed=false, context=null}, applicationName='null', compressorList=[], uuidRepresentation=JAVA_LEGACY, serverApi=null, autoEncryptionSettings=null, contextProvider=null}
2024-02-27T12:51:07.581-04:00  INFO 34841 --- [185.mongodb.net] org.mongodb.driver.cluster               : Adding discovered server ac-5kshcv7-shard-00-02.z5d3185.mongodb.net:27017 to client view of cluster
2024-02-27T12:51:07.899-04:00  INFO 34841 --- [185.mongodb.net] org.mongodb.driver.cluster               : Adding discovered server ac-5kshcv7-shard-00-00.z5d3185.mongodb.net:27017 to client view of cluster
2024-02-27T12:51:07.902-04:00  INFO 34841 --- [185.mongodb.net] org.mongodb.driver.cluster               : Adding discovered server ac-5kshcv7-shard-00-01.z5d3185.mongodb.net:27017 to client view of cluster
2024-02-27T12:51:09.153-04:00  INFO 34841 --- [           main] c.c.resapi.ResapiApplicationTests        : Started ResapiApplicationTests in 7.034 seconds (process running for 10.726)
2024-02-27T12:51:09.935-04:00  INFO 34841 --- [ngodb.net:27017] org.mongodb.driver.cluster               : Monitor thread successfully connected to server with description ServerDescription{address=ac-5kshcv7-shard-00-02.z5d3185.mongodb.net:27017, type=REPLICA_SET_PRIMARY, state=CONNECTED, ok=true, minWireVersion=0, maxWireVersion=17, maxDocumentSize=16777216, logicalSessionTimeoutMinutes=30, roundTripTimeNanos=805045300, setName='atlas-jbls5q-shard-0', canonicalAddress=ac-5kshcv7-shard-00-02.z5d3185.mongodb.net:27017, hosts=[ac-5kshcv7-shard-00-00.z5d3185.mongodb.net:27017, ac-5kshcv7-shard-00-01.z5d3185.mongodb.net:27017, ac-5kshcv7-shard-00-02.z5d3185.mongodb.net:27017], passives=[], arbiters=[], primary='ac-5kshcv7-shard-00-02.z5d3185.mongodb.net:27017', tagSet=TagSet{[Tag{name='availabilityZone', value='sae1-az2'}, Tag{name='diskState', value='READY'}, Tag{name='nodeType', value='ELECTABLE'}, Tag{name='provider', value='AWS'}, Tag{name='region', value='SA_EAST_1'}, Tag{name='workloadType', value='OPERATIONAL'}]}, electionId=7fffffff000000000000006f, setVersion=4, topologyVersion=TopologyVersion{processId=65ce55a6021e02b437141dbb, counter=6}, lastWriteDate=Tue Feb 27 12:51:09 VET 2024, lastUpdateTimeNanos=22482430655735}
2024-02-27T12:51:09.935-04:00  INFO 34841 --- [ngodb.net:27017] org.mongodb.driver.cluster               : Monitor thread successfully connected to server with description ServerDescription{address=ac-5kshcv7-shard-00-00.z5d3185.mongodb.net:27017, type=REPLICA_SET_SECONDARY, state=CONNECTED, ok=true, minWireVersion=0, maxWireVersion=17, maxDocumentSize=16777216, logicalSessionTimeoutMinutes=30, roundTripTimeNanos=841745242, setName='atlas-jbls5q-shard-0', canonicalAddress=ac-5kshcv7-shard-00-00.z5d3185.mongodb.net:27017, hosts=[ac-5kshcv7-shard-00-00.z5d3185.mongodb.net:27017, ac-5kshcv7-shard-00-01.z5d3185.mongodb.net:27017, ac-5kshcv7-shard-00-02.z5d3185.mongodb.net:27017], passives=[], arbiters=[], primary='ac-5kshcv7-shard-00-02.z5d3185.mongodb.net:27017', tagSet=TagSet{[Tag{name='availabilityZone', value='sae1-az1'}, Tag{name='diskState', value='READY'}, Tag{name='nodeType', value='ELECTABLE'}, Tag{name='provider', value='AWS'}, Tag{name='region', value='SA_EAST_1'}, Tag{name='workloadType', value='OPERATIONAL'}]}, electionId=null, setVersion=4, topologyVersion=TopologyVersion{processId=65ce534456f761bd0dbafc6d, counter=4}, lastWriteDate=Tue Feb 27 12:51:09 VET 2024, lastUpdateTimeNanos=22482438673516}
2024-02-27T12:51:09.943-04:00  INFO 34841 --- [ngodb.net:27017] org.mongodb.driver.cluster               : Discovered replica set primary ac-5kshcv7-shard-00-02.z5d3185.mongodb.net:27017 with max election id 7fffffff000000000000006f and max set version 4
]]></system-out>
    <system-err><![CDATA[WARNING: A Java agent has been loaded dynamically (/home/segura/.m2/repository/net/bytebuddy/byte-buddy-agent/1.14.12/byte-buddy-agent-1.14.12.jar)
WARNING: If a serviceability tool is in use, please run with -XX:+EnableDynamicAgentLoading to hide this warning
WARNING: If a serviceability tool is not in use, please run with -Djdk.instrument.traceUsage for more information
WARNING: Dynamic loading of agents will be disallowed by default in a future release
]]></system-err>
  </testcase>
</testsuite>